<?xml version="1.0" encoding="UTF-8"?>
<!-- Generated by org.testng.reporters.JUnitReportReporter -->
<testsuite skipped="0" hostname="LAPTOP-IGHB7M0S" name="com.spt.facebook.Facebook.Mini.Facebook_testng$Amazon_testng" tests="8" failures="0" timestamp="2023-01-12T10:13:01 IST" time="10.246" errors="0">
  <testcase name="click" time="4.416" classname="com.spt.facebook.Facebook.Mini.Facebook_testng$Amazon_testng"/>
  <system-out/>
  <testcase name="checkurl" time="0.008" classname="com.spt.facebook.Facebook.Mini.Facebook_testng$Amazon_testng"/>
  <system-out/>
  <testcase name="navigateurl" time="1.122" classname="com.spt.facebook.Facebook.Mini.Facebook_testng$Amazon_testng"/>
  <system-out/>
  <testcase name="username" time="0.248" classname="com.spt.facebook.Facebook.Mini.Facebook_testng$Amazon_testng"/>
  <system-out/>
  <testcase name="password" time="0.406" classname="com.spt.facebook.Facebook.Mini.Facebook_testng$Amazon_testng"/>
  <system-out/>
  <testcase name="formfilling" time="1.751" classname="com.spt.facebook.Facebook.Mini.Facebook_testng$Amazon_testng"/>
  <system-out/>
  <testcase name="signupclick" time="0.615" classname="com.spt.facebook.Facebook.Mini.Facebook_testng$Amazon_testng"/>
  <system-out/>
  <testcase name="title" time="1.680" classname="com.spt.facebook.Facebook.Mini.Facebook_testng$Amazon_testng"/>
  <system-out/>
</testsuite> <!-- com.spt.facebook.Facebook.Mini.Facebook_testng$Amazon_testng -->
